<?xml version="1.0" encoding="UTF-8"?>
<testng-results skipped="0" failed="0" total="1" passed="1">
  <reporter-output>
  </reporter-output>
  <suite name="RWE" duration-ms="145674" started-at="2017-10-19T06:25:13Z" finished-at="2017-10-19T06:27:39Z">
    <groups>
    </groups>
    <test name="Read Write ExcelSheet" duration-ms="145674" started-at="2017-10-19T06:25:13Z" finished-at="2017-10-19T06:27:39Z">
      <class name="New.ReadWriteExcel">
        <test-method status="PASS" signature="TestSetup()[pri:0, instance:New.ReadWriteExcel@58651fd0]" name="TestSetup" is-config="true" duration-ms="138613" started-at="2017-10-19T02:25:13Z" finished-at="2017-10-19T02:27:32Z">
          <reporter-output>
          </reporter-output>
        </test-method> <!-- TestSetup -->
        <test-method status="PASS" signature="ReadData()[pri:0, instance:New.ReadWriteExcel@58651fd0]" name="ReadData" duration-ms="6995" started-at="2017-10-19T02:27:32Z" finished-at="2017-10-19T02:27:39Z">
          <reporter-output>
          </reporter-output>
        </test-method> <!-- ReadData -->
      </class> <!-- New.ReadWriteExcel -->
    </test> <!-- Read Write ExcelSheet -->
  </suite> <!-- RWE -->
</testng-results>
